0 info it worked if it ends with ok
1 verbose cli [ 'node', '/usr/local/bin/npm', 'install', 'jasmine-node', '-g' ]
2 info using npm@1.3.11
3 info using node@v0.10.20
4 verbose cache add [ 'jasmine-node', null ]
5 verbose cache add name=undefined spec="jasmine-node" args=["jasmine-node",null]
6 verbose parsed url { protocol: null,
6 verbose parsed url   slashes: null,
6 verbose parsed url   auth: null,
6 verbose parsed url   host: null,
6 verbose parsed url   port: null,
6 verbose parsed url   hostname: null,
6 verbose parsed url   hash: null,
6 verbose parsed url   search: null,
6 verbose parsed url   query: null,
6 verbose parsed url   pathname: 'jasmine-node',
6 verbose parsed url   path: 'jasmine-node',
6 verbose parsed url   href: 'jasmine-node' }
7 silly lockFile bba04ce4-jasmine-node jasmine-node
8 verbose lock jasmine-node /Users/jennyyee/.npm/bba04ce4-jasmine-node.lock
9 silly lockFile bba04ce4-jasmine-node jasmine-node
10 silly lockFile bba04ce4-jasmine-node jasmine-node
11 verbose addNamed [ 'jasmine-node', '' ]
12 verbose addNamed [ null, '*' ]
13 silly lockFile b74de4f8-jasmine-node jasmine-node@
14 verbose lock jasmine-node@ /Users/jennyyee/.npm/b74de4f8-jasmine-node.lock
15 silly addNameRange { name: 'jasmine-node', range: '*', hasData: false }
16 verbose url raw jasmine-node
17 verbose url resolving [ 'https://registry.npmjs.org/', './jasmine-node' ]
18 verbose url resolved https://registry.npmjs.org/jasmine-node
19 info trying registry request attempt 1 at 18:01:21
20 verbose etag "CZSKBETTGIIC76GJUN3L90VPK"
21 http GET https://registry.npmjs.org/jasmine-node
22 http 304 https://registry.npmjs.org/jasmine-node
23 silly registry.get cb [ 304,
23 silly registry.get   { server: 'CouchDB/1.3.1 (Erlang OTP/R15B03)',
23 silly registry.get     etag: '"CZSKBETTGIIC76GJUN3L90VPK"',
23 silly registry.get     date: 'Tue, 15 Oct 2013 01:01:21 GMT',
23 silly registry.get     'content-length': '0' } ]
24 verbose etag jasmine-node from cache
25 silly addNameRange number 2 { name: 'jasmine-node', range: '*', hasData: true }
26 silly addNameRange versions [ 'jasmine-node',
26 silly addNameRange   [ '1.0.1',
26 silly addNameRange     '1.0.2',
26 silly addNameRange     '1.0.3',
26 silly addNameRange     '1.0.4',
26 silly addNameRange     '1.0.5',
26 silly addNameRange     '1.0.6',
26 silly addNameRange     '1.0.7',
26 silly addNameRange     '1.0.8',
26 silly addNameRange     '1.0.9',
26 silly addNameRange     '1.0.10',
26 silly addNameRange     '1.0.11',
26 silly addNameRange     '1.0.12',
26 silly addNameRange     '1.0.13',
26 silly addNameRange     '1.0.15',
26 silly addNameRange     '1.0.16',
26 silly addNameRange     '1.0.17',
26 silly addNameRange     '1.0.18',
26 silly addNameRange     '1.0.19',
26 silly addNameRange     '1.0.20',
26 silly addNameRange     '1.0.21',
26 silly addNameRange     '1.0.22',
26 silly addNameRange     '1.0.23',
26 silly addNameRange     '1.0.24',
26 silly addNameRange     '1.0.25',
26 silly addNameRange     '1.0.26',
26 silly addNameRange     '1.0.27',
26 silly addNameRange     '1.0.28',
26 silly addNameRange     '1.1.0',
26 silly addNameRange     '1.2.0',
26 silly addNameRange     '1.2.1',
26 silly addNameRange     '1.2.2',
26 silly addNameRange     '1.2.3',
26 silly addNameRange     '1.3.0',
26 silly addNameRange     '1.3.1',
26 silly addNameRange     '1.4.0',
26 silly addNameRange     '1.5.0',
26 silly addNameRange     '1.6.0',
26 silly addNameRange     '1.7.0',
26 silly addNameRange     '1.7.1',
26 silly addNameRange     '1.8.0',
26 silly addNameRange     '1.8.1',
26 silly addNameRange     '1.9.0',
26 silly addNameRange     '1.9.1',
26 silly addNameRange     '1.10.0',
26 silly addNameRange     '1.10.1',
26 silly addNameRange     '1.10.2',
26 silly addNameRange     '1.11.0',
26 silly addNameRange     '1.0.0-rc1',
26 silly addNameRange     '1.0.0-rc2',
26 silly addNameRange     '1.0.0-rc3' ] ]
27 verbose addNamed [ 'jasmine-node', '1.11.0' ]
28 verbose addNamed [ '1.11.0', '1.11.0' ]
29 silly lockFile c7684e85-jasmine-node-1-11-0 jasmine-node@1.11.0
30 verbose lock jasmine-node@1.11.0 /Users/jennyyee/.npm/c7684e85-jasmine-node-1-11-0.lock
31 silly lockFile c7684e85-jasmine-node-1-11-0 jasmine-node@1.11.0
32 silly lockFile c7684e85-jasmine-node-1-11-0 jasmine-node@1.11.0
33 silly lockFile b74de4f8-jasmine-node jasmine-node@
34 silly lockFile b74de4f8-jasmine-node jasmine-node@
35 silly resolved [ { name: 'jasmine-node',
35 silly resolved     version: '1.11.0',
35 silly resolved     description: 'DOM-less simple JavaScript BDD testing framework for Node',
35 silly resolved     contributors: [ [Object] ],
35 silly resolved     homepage: 'https://github.com/mhevery/jasmine-node',
35 silly resolved     repository:
35 silly resolved      { type: 'git',
35 silly resolved        url: 'https://github.com/mhevery/jasmine-node.git' },
35 silly resolved     keywords: [ 'testing', 'bdd' ],
35 silly resolved     author: { name: 'Misko Hevery', email: 'misko@hevery.com' },
35 silly resolved     maintainers: [ [Object], [Object] ],
35 silly resolved     licenses: [ 'MIT' ],
35 silly resolved     dependencies:
35 silly resolved      { 'coffee-script': '>=1.0.1',
35 silly resolved        'jasmine-reporters': '>=0.2.0',
35 silly resolved        'jasmine-growl-reporter': '~0.0.2',
35 silly resolved        requirejs: '>=0.27.1',
35 silly resolved        walkdir: '>= 0.0.1',
35 silly resolved        underscore: '>= 1.3.1',
35 silly resolved        gaze: '~0.3.2',
35 silly resolved        mkdirp: '~0.3.5' },
35 silly resolved     bin: { 'jasmine-node': 'bin/jasmine-node' },
35 silly resolved     preferGlobal: true,
35 silly resolved     main: 'lib/jasmine-node',
35 silly resolved     scripts: { test: 'node lib/jasmine-node/cli.js spec' },
35 silly resolved     devDependencies: {},
35 silly resolved     readme: 'jasmine-node\n======\n\n[![Build Status](https://secure.travis-ci.org/spaghetticode/jasmine-node.png)](http://travis-ci.org/spaghetticode/jasmine-node)\n\nThis node.js module makes the wonderful Pivotal Lab\'s jasmine\n(http://github.com/pivotal/jasmine) spec framework available in\nnode.js.\n\njasmine\n-------\n\nVersion `1.3.1` of Jasmine is currently included with node-jasmine.\n\nwhat\'s new\n----------\n*  Ability to test specs written in Literate Coffee-Script\n*  Teamcity Reporter reinstated.\n*  Ability to specify multiple files to test via list in command line\n*  Ability to suppress stack trace with `--noStack`\n*  Async tests now run in the expected context instead of the global one\n*  `--config` flag that allows you to assign variables to process.env\n*  Terminal Reporters are now available in the Jasmine Object #184\n*  Done is now available in all timeout specs #199\n*  `afterEach` is available in requirejs #179\n*  Editors that replace instead of changing files should work with autotest #198\n*  Jasmine Mock Clock now works!\n*  Autotest now works!\n*  Using the latest Jasmine!\n*  Verbose mode tabs `describe` blocks much more accurately!\n*  `--coffee` now allows specs written in Literate CoffeeScript (`.litcoffee`)\n\ninstall\n------\n\nTo install the latest official version, use NPM:\n\n```sh\nnpm install jasmine-node -g\n```\n\nTo install the latest _bleeding edge_ version, clone this repository and check\nout the `beta` branch.\n\nusage\n------\n\nWrite the specifications for your code in `*.js` and `*.coffee` files in the `spec/` directory.\nYou can use sub-directories to better organise your specs.\n\n**Note**: your specification files must be named as `*spec.js`, `*spec.coffee` or `*spec.litcoffee`,\nwhich matches the regular expression `/spec\\.(js|coffee|litcoffee)$/i`;\notherwise jasmine-node won\'t find them!\nFor example, `sampleSpecs.js` is wrong, `sampleSpec.js` is right.\n\nIf you have installed the npm package, you can run it with:\n\n```sh\njasmine-node spec/\n```\n\nIf you aren\'t using npm, you should add `pwd`/lib to the `$NODE_PATH`\nenvironment variable, then run:\n\n```sh\nnode lib/jasmine-node/cli.js\n```\n\n\nYou can supply the following arguments:\n\n  * `--autotest`, provides automatic execution of specs after each change\n  * `--watch`, when used with `--autotest`, paths after `--watch` will be\nwatched for changes, allowing to watch for changes outside of specs directory\n  * `--coffee`, allow execution of `.coffee` and `.litcoffee` specs\n  * `--color`, indicates spec output should uses color to\nindicates passing (green) or failing (red) specs\n  * `--noColor`, do not use color in the output\n  * `-m, --match REGEXP`, match only specs comtaining "REGEXPspec"\n  * `--matchall`, relax requirement of "spec" in spec file names\n  * `--verbose`, verbose output as the specs are run\n  * `--junitreport`, export tests results as junitreport xml format\n  * `--output FOLDER`, defines the output folder for junitreport files\n  * `--teamcity`, converts all console output to teamcity custom test runner commands. (Normally auto detected.)\n  * `--growl`, display test run summary in a growl notification (in addition to other outputs)\n  * `--runWithRequireJs`, loads all specs using requirejs instead of node\'s native require method\n  * `--requireJsSetup`, file run before specs to include and configure RequireJS\n  * `--test-dir`, the absolute root directory path where tests are located\n  * `--nohelpers`, does not load helpers\n  * `--forceexit`, force exit once tests complete\n  * `--captureExceptions`, listen to global exceptions, report them and exit (interferes with Domains in NodeJs, so do not use if using Domains as well\n  * `--config NAME VALUE`, set a global variable in `process.env`\n  * `--noStack`, suppress the stack trace generated from a test failure\n\nIndividual files to test can be added as bare arguments to the end of the args.\n\nExample:\n\n```bash\njasmine-node --coffee spec/AsyncSpec.coffee spec/CoffeeSpec.coffee spec/SampleSpec.js\n```\n\nasync tests\n-----------\n\njasmine-node includes an alternate syntax for writing asynchronous tests. Accepting\na done callback in the specification will trigger jasmine-node to run the test\nasynchronously waiting until the `done()` callback is called.\n\n```javascript\nvar request = require(\'request\');\n\nit("should respond with hello world", function(done) {\n  request("http://localhost:3000/hello", function(error, response, body){\n    expect(body).toEqual("hello world");\n    done();\n  });\n});\n```\n\nAn asynchronous test will fail after `5000` ms if `done()` is not called. This timeout\ncan be changed by setting `jasmine.getEnv().defaultTimeoutInterval` or by passing a timeout\ninterval in the specification.\n\n```javascript\nvar request = require(\'request\');\n\nit("should respond with hello world", function(done) {\n  request("http://localhost:3000/hello", function(error, response, body){\n    done();\n  }, 250);  // timeout after 250 ms\n});\n```\n\nor\n\n```javascript\nvar request = require(\'request\');\n\njasmine.getEnv().defaultTimeoutInterval = 500;\n\nit("should respond with hello world", function(done) {\n  request("http://localhost:3000/hello", function(error, response, body){\n    done();\n  });  // timeout after 500 ms\n});\n```\n\nCheckout [`spec/SampleSpecs.js`](https://github.com/mhevery/jasmine-node/blob/master/spec/SampleSpecs.js) to see how to use it.\n\n\nrequirejs\n---------\n\nThere is a sample project in `/spec-requirejs`. It is comprised of:\n\n1.  `requirejs-setup.js`, this pulls in our wrapper template (next)\n1.  `requirejs-wrapper-template`, this builds up requirejs settings\n1.  `requirejs.sut.js`, this is a __SU__bject To __T__est, something required by requirejs\n1.  `requirejs.spec.js`, the actual jasmine spec for testing\n\nTo run it:\n\n```sh\nnode lib/jasmine-node/cli.js --runWithRequireJs --requireJsSetup ./spec-requirejs/requirejs-setup.js ./spec-requirejs/\n```\n\nexceptions\n----------\n\nOften you\'ll want to capture an uncaught exception and log it to the console,\nthis is accomplished by using the `--captureExceptions` flag. Exceptions will\nbe reported to the console, but jasmine-node will attempt to recover and\ncontinue. It was decided to not change the current functionality until `2.0`. So,\nuntil then, jasmine-node will still return `0` and continue on without this flag.\n\n### Scenario ###\n\nYou require a module, but it doesn\'t exist, ie `require(\'Q\')` instead of\n`require(\'q\')`. Jasmine-Node reports the error to the console, but carries on\nand returns `0`. This messes up Travis-CI because you need it to return a\nnon-zero status while doing CI tests.\n\n### Mitigation ###\n\nBefore `--captureExceptions`\n\n```sh\n> jasmine-node --coffee spec\n> echo $status\n0\n```\n\nRun jasmine node with the `--captureExceptions` flag.\n\n```sh\n> jasmine-node --coffee --captureExceptions spec\n> echo $status\n1\n```\n\n\ngrowl notifications\n-------------------\n\nJasmine node can display [Growl](http://growl.info) notifications of test\nrun summaries in addition to other reports.\nGrowl must be installed separately, see [node-growl](https://github.com/visionmedia/node-growl)\nfor platform-specific instructions. Pass the `--growl` flag to enable the notifications.\n\n\ndevelopment\n-----------\n\nInstall the dependent packages by running:\n\n```sh\nnpm install\n```\n\nRun the specs before you send your pull request:\n\n```sh\nspecs.sh\n```\n\n__Note:__ Some tests are designed to fail in the specs.sh. After each of the\nindividual runs completes, there is a line that lists what the expected\nPass/Assert/Fail count should be. If you add/remove/edit tests, please be sure\nto update this with your PR.\n\n\nchangelog\n---------\n\n*  _1.11.0 - Added Growl notification option `--growl` (thanks to\n   [AlphaHydrae](https://github.com/AlphaHydrae))_\n*  _1.10.2 - Restored stack filter which was accidentally removed (thanks to\n   [kevinsawicki](https://github.com/kevinsawicki))_\n*  _1.10.1 - `beforeEach` and `afterEach` now properly handle the async-timeout function_\n*  _1.10.0 - Skipped tests now show in the terminal reporter\'s output (thanks\n   to [kevinsawicki](https://github.com/kevinsawicki))_\n*  _1.9.1 - Timeout now consistent between Async and Non-Async Calls (thanks to\n   [codemnky](https://github.com/codemnky))_\n*  _1.9.0 - Now re-throwing the file-not-found error, added info to README.md,\n   printing version with `--version`_\n*  _1.8.1 - Fixed silent failure due to invalid REGEX (thanks to\n   [pimterry](https://github.com/pimterry))_\n*  _1.8.0 - Fixed bug in autotest with multiple paths and added `--watch` feature\n    (thanks to [davegb3](https://github.com/davegb3))_\n*  _1.7.1 - Removed unneeded fs dependency (thanks to\n   [kevinsawicki](https://github.com/kevinsawicki)) Fixed broken fs call in\n   node `0.6` (thanks to [abe33](https://github.com/abe33))_\n*  _1.7.0 - Literate Coffee-Script now testable (thanks to [magicmoose](https://github.com/magicmoose))_\n*  _1.6.0 - Teamcity Reporter Reinstated (thanks to [bhcleek](https://github.com/bhcleek))_\n*  _1.5.1 - Missing files and require exceptions will now report instead of failing silently_\n*  _1.5.0 - Now takes multiple files for execution. (thanks to [abe33](https://github.com/abe33))_\n*  _1.4.0 - Optional flag to suppress stack trace on test failure (thanks to [Lastalas](https://github.com/Lastalas))_\n*  _1.3.1 - Fixed context for async tests (thanks to [omryn](https://github.com/omryn))_\n*  _1.3.0 - Added `--config` flag for changeable testing environments_\n*  _1.2.3 - Fixed #179, #184, #198, #199. Fixes autotest, afterEach in requirejs, terminal reporter is in jasmine object, done function missing in async tests_\n*  _1.2.2 - Revert Exception Capturing to avoid Breaking Domain Tests_\n*  _1.2.1 - Emergency fix for path reference missing_\n*  _1.2.0 - Fixed #149, #152, #171, #181, #195. `--autotest` now works as expected, jasmine clock now responds to the fake ticking as requested, and removed the path.exists warning_\n*  _1.1.1 - Fixed #173, #169 (Blocks were not indented in verbose properly, added more documentation to address #180_\n*  _1.1.0 - Updated Jasmine to `1.3.1`, fixed fs missing, catching uncaught exceptions, other fixes_\n',
35 silly resolved     readmeFilename: 'README.md',
35 silly resolved     bugs: { url: 'https://github.com/mhevery/jasmine-node/issues' },
35 silly resolved     _id: 'jasmine-node@1.11.0',
35 silly resolved     _from: 'jasmine-node@' } ]
36 info install jasmine-node@1.11.0 into /usr/local/lib
37 info installOne jasmine-node@1.11.0
38 info /usr/local/lib/node_modules/jasmine-node unbuild
39 verbose tar unpack /Users/jennyyee/.npm/jasmine-node/1.11.0/package.tgz
40 silly lockFile 5aad16db-al-lib-node-modules-jasmine-node tar:///usr/local/lib/node_modules/jasmine-node
41 verbose lock tar:///usr/local/lib/node_modules/jasmine-node /Users/jennyyee/.npm/5aad16db-al-lib-node-modules-jasmine-node.lock
42 silly lockFile 23a99f9d--jasmine-node-1-11-0-package-tgz tar:///Users/jennyyee/.npm/jasmine-node/1.11.0/package.tgz
43 verbose lock tar:///Users/jennyyee/.npm/jasmine-node/1.11.0/package.tgz /Users/jennyyee/.npm/23a99f9d--jasmine-node-1-11-0-package-tgz.lock
44 silly gunzTarPerm modes [ '755', '644' ]
45 error Error: EACCES, mkdir '/usr/local/lib/node_modules/jasmine-node'
45 error  { [Error: EACCES, mkdir '/usr/local/lib/node_modules/jasmine-node']
45 error   errno: 3,
45 error   code: 'EACCES',
45 error   path: '/usr/local/lib/node_modules/jasmine-node',
45 error   fstream_type: 'Directory',
45 error   fstream_path: '/usr/local/lib/node_modules/jasmine-node',
45 error   fstream_class: 'DirWriter',
45 error   fstream_stack:
45 error    [ '/usr/local/lib/node_modules/npm/node_modules/fstream/lib/dir-writer.js:36:23',
45 error      '/usr/local/lib/node_modules/npm/node_modules/mkdirp/index.js:37:53',
45 error      'Object.oncomplete (fs.js:107:15)' ] }
46 error Please try running this command again as root/Administrator.
47 error System Darwin 12.5.0
48 error command "node" "/usr/local/bin/npm" "install" "jasmine-node" "-g"
49 error cwd /Users/jennyyee/Desktop/snapkins
50 error node -v v0.10.20
51 error npm -v 1.3.11
52 error path /usr/local/lib/node_modules/jasmine-node
53 error fstream_path /usr/local/lib/node_modules/jasmine-node
54 error fstream_type Directory
55 error fstream_class DirWriter
56 error code EACCES
57 error errno 3
58 error stack Error: EACCES, mkdir '/usr/local/lib/node_modules/jasmine-node'
59 error fstream_stack /usr/local/lib/node_modules/npm/node_modules/fstream/lib/dir-writer.js:36:23
59 error fstream_stack /usr/local/lib/node_modules/npm/node_modules/mkdirp/index.js:37:53
59 error fstream_stack Object.oncomplete (fs.js:107:15)
60 verbose exit [ 3, true ]
